  main.c
C:\Users\Administrator\Desktop\ljh\C_Breakout_Game\buffer.h(12,8): warning C4244: '함수': 'time_t'에서 'unsigned int'(으)로 변환하면서 데이터가 손실될 수 있습니다.
  (소스 파일 'main.c'을(를) 컴파일하는 중)
  
C:\Users\Administrator\Desktop\ljh\C_Breakout_Game\render.h(19,38): warning C4267: '함수': 'size_t'에서 'DWORD'(으)로 변환하면서 데이터가 손실될 수 있습니다.
  (소스 파일 'main.c'을(를) 컴파일하는 중)
  
C:\Users\Administrator\Desktop\ljh\C_Breakout_Game\render.h(168,38): warning C4244: '=': 'time_t'에서 'int'(으)로 변환하면서 데이터가 손실될 수 있습니다.
  (소스 파일 'main.c'을(를) 컴파일하는 중)
  
C:\Users\Administrator\Desktop\ljh\C_Breakout_Game\main.c(42,25): warning C4244: '=': 'int'에서 'float'(으)로 변환하면서 데이터가 손실될 수 있습니다.
C:\Users\Administrator\Desktop\ljh\C_Breakout_Game\main.c(43,25): warning C4244: '=': 'int'에서 'float'(으)로 변환하면서 데이터가 손실될 수 있습니다.
C:\Users\Administrator\Desktop\ljh\C_Breakout_Game\main.c(74,28): warning C4244: '=': 'int'에서 'float'(으)로 변환하면서 데이터가 손실될 수 있습니다.
C:\Users\Administrator\Desktop\ljh\C_Breakout_Game\main.c(75,28): warning C4244: '=': 'int'에서 'float'(으)로 변환하면서 데이터가 손실될 수 있습니다.
C:\Users\Administrator\Desktop\ljh\C_Breakout_Game\main.c(203,28): warning C4244: '=': 'int'에서 'float'(으)로 변환하면서 데이터가 손실될 수 있습니다.
C:\Users\Administrator\Desktop\ljh\C_Breakout_Game\main.c(204,28): warning C4244: '=': 'int'에서 'float'(으)로 변환하면서 데이터가 손실될 수 있습니다.
C:\Users\Administrator\Desktop\ljh\C_Breakout_Game\main.c(232,25): warning C4244: '=': 'int'에서 'float'(으)로 변환하면서 데이터가 손실될 수 있습니다.
C:\Users\Administrator\Desktop\ljh\C_Breakout_Game\main.c(233,25): warning C4244: '=': 'int'에서 'float'(으)로 변환하면서 데이터가 손실될 수 있습니다.
C:\Users\Administrator\Desktop\ljh\C_Breakout_Game\main.c(37,29): warning C4244: '초기화 중': 'int'에서 'float'(으)로 변환하면서 데이터가 손실될 수 있습니다.
C:\Users\Administrator\Desktop\ljh\C_Breakout_Game\main.c(37,43): warning C4244: '초기화 중': 'int'에서 'float'(으)로 변환하면서 데이터가 손실될 수 있습니다.
  코드를 생성하고 있습니다.
  Previous IPDB was built with incompatible compiler, fall back to full compilation.
  All 24 functions were compiled because no usable IPDB/IOBJ from previous compilation was found.
  코드를 생성했습니다.
  C_Breakout_Game.vcxproj -> C:\Users\Administrator\Desktop\ljh\C_Breakout_Game\x64\Release\C_Breakout_Game.exe
